C:\USERS\ADMINISTRATOR\DESKTOP\FACE++批量五官裁剪\GDI图像读取+39点人脸检测模板\DEBUG\BSPLINE.PCH
C:\USERS\ADMINISTRATOR\DESKTOP\FACE++批量五官裁剪\GDI图像读取+39点人脸检测模板\DEBUG\STDAFX.OBJ
C:\USERS\ADMINISTRATOR\DESKTOP\FACE++批量五官裁剪\GDI图像读取+39点人脸检测模板\DEBUG\VC110.PDB
C:\USERS\ADMINISTRATOR\DESKTOP\FACE++批量五官裁剪\GDI图像读取+39点人脸检测模板\DEBUG\BSPLINE.OBJ
C:\USERS\ADMINISTRATOR\DESKTOP\FACE++批量五官裁剪\GDI图像读取+39点人脸检测模板\DEBUG\BSPLINE1.OBJ
C:\USERS\ADMINISTRATOR\DESKTOP\FACE++批量五官裁剪\GDI图像读取+39点人脸检测模板\DEBUG\BSPLINEDOC.OBJ
C:\USERS\ADMINISTRATOR\DESKTOP\FACE++批量五官裁剪\GDI图像读取+39点人脸检测模板\DEBUG\BSPLINEVIEW.OBJ
C:\USERS\ADMINISTRATOR\DESKTOP\FACE++批量五官裁剪\GDI图像读取+39点人脸检测模板\DEBUG\DIRECTORY.OBJ
C:\USERS\ADMINISTRATOR\DESKTOP\FACE++批量五官裁剪\GDI图像读取+39点人脸检测模板\DEBUG\FUNCTION.OBJ
C:\USERS\ADMINISTRATOR\DESKTOP\FACE++批量五官裁剪\GDI图像读取+39点人脸检测模板\DEBUG\MAINFRM.OBJ
C:\USERS\ADMINISTRATOR\DESKTOP\FACE++批量五官裁剪\GDI图像读取+39点人脸检测模板\DEBUG\MORPHING.OBJ
C:\USERS\ADMINISTRATOR\DESKTOP\FACE++批量五官裁剪\GDI图像读取+39点人脸检测模板\DEBUG\PUPILGUI.OBJ
C:\USERS\ADMINISTRATOR\DESKTOP\FACE++批量五官裁剪\GDI图像读取+39点人脸检测模板\DEBUG\SVM.OBJ
C:\USERS\ADMINISTRATOR\DESKTOP\FACE++批量五官裁剪\GDI图像读取+39点人脸检测模板\DEBUG\BSPLINE.RES
C:\Users\Administrator\Desktop\face++批量五官裁剪\GDI图像读取+39点人脸检测模板\Debug\Bspline.obj
C:\Users\Administrator\Desktop\face++批量五官裁剪\GDI图像读取+39点人脸检测模板\Debug\Bspline1.obj
C:\Users\Administrator\Desktop\face++批量五官裁剪\GDI图像读取+39点人脸检测模板\Debug\BsplineDoc.obj
C:\Users\Administrator\Desktop\face++批量五官裁剪\GDI图像读取+39点人脸检测模板\Debug\BsplineView.obj
C:\Users\Administrator\Desktop\face++批量五官裁剪\GDI图像读取+39点人脸检测模板\Debug\directory.obj
C:\Users\Administrator\Desktop\face++批量五官裁剪\GDI图像读取+39点人脸检测模板\Debug\Function.obj
C:\Users\Administrator\Desktop\face++批量五官裁剪\GDI图像读取+39点人脸检测模板\Debug\MainFrm.obj
C:\Users\Administrator\Desktop\face++批量五官裁剪\GDI图像读取+39点人脸检测模板\Debug\morphing.obj
C:\Users\Administrator\Desktop\face++批量五官裁剪\GDI图像读取+39点人脸检测模板\Debug\PupilGUI.obj
C:\Users\Administrator\Desktop\face++批量五官裁剪\GDI图像读取+39点人脸检测模板\Debug\StdAfx.obj
C:\Users\Administrator\Desktop\face++批量五官裁剪\GDI图像读取+39点人脸检测模板\Debug\svm.obj
C:\Users\Administrator\Desktop\face++批量五官裁剪\GDI图像读取+39点人脸检测模板\Debug\cl.command.1.tlog
C:\Users\Administrator\Desktop\face++批量五官裁剪\GDI图像读取+39点人脸检测模板\Debug\CL.read.1.tlog
C:\Users\Administrator\Desktop\face++批量五官裁剪\GDI图像读取+39点人脸检测模板\Debug\CL.write.1.tlog
C:\Users\Administrator\Desktop\face++批量五官裁剪\GDI图像读取+39点人脸检测模板\Debug\link-cvtres.read.1.tlog
C:\Users\Administrator\Desktop\face++批量五官裁剪\GDI图像读取+39点人脸检测模板\Debug\link-cvtres.write.1.tlog
C:\Users\Administrator\Desktop\face++批量五官裁剪\GDI图像读取+39点人脸检测模板\Debug\link-mt.read.1.tlog
C:\Users\Administrator\Desktop\face++批量五官裁剪\GDI图像读取+39点人脸检测模板\Debug\link-mt.write.1.tlog
C:\Users\Administrator\Desktop\face++批量五官裁剪\GDI图像读取+39点人脸检测模板\Debug\link-rc.read.1.tlog
C:\Users\Administrator\Desktop\face++批量五官裁剪\GDI图像读取+39点人脸检测模板\Debug\link-rc.write.1.tlog
C:\Users\Administrator\Desktop\face++批量五官裁剪\GDI图像读取+39点人脸检测模板\Debug\link.command.1.tlog
C:\Users\Administrator\Desktop\face++批量五官裁剪\GDI图像读取+39点人脸检测模板\Debug\link.read.1.tlog
C:\Users\Administrator\Desktop\face++批量五官裁剪\GDI图像读取+39点人脸检测模板\Debug\link.write.1.tlog
C:\Users\Administrator\Desktop\face++批量五官裁剪\GDI图像读取+39点人脸检测模板\Debug\rc.command.1.tlog
C:\Users\Administrator\Desktop\face++批量五官裁剪\GDI图像读取+39点人脸检测模板\Debug\rc.read.1.tlog
C:\Users\Administrator\Desktop\face++批量五官裁剪\GDI图像读取+39点人脸检测模板\Debug\rc.write.1.tlog
C:\Users\Administrator\Desktop\face++批量五官裁剪\GDI图像读取+39点人脸检测模板\Debug\Bspline.res
C:\Users\Administrator\Desktop\face++批量五官裁剪\GDI图像读取+39点人脸检测模板\Debug\Bspline.pch
C:\Users\Administrator\Desktop\face++批量五官裁剪\GDI图像读取+39点人脸检测模板\Debug\vc110.idb
C:\Users\Administrator\Desktop\face++批量五官裁剪\GDI图像读取+39点人脸检测模板\Debug\Bspline.pdb
C:\Users\Administrator\Desktop\face++批量五官裁剪\GDI图像读取+39点人脸检测模板\Debug\vc110.pdb
